[    0.000000] Initializing cgroup subsys cpuset
[    0.000000] Initializing cgroup subsys cpu
[    0.000000] Initializing cgroup subsys cpuacct
[    0.000000] Linux version 4.4.0-87-generic (buildd@lcy01-31) (gcc version 5.4.0 20160609 (Ubuntu 5.4.0-6ubuntu1~16.04.4) ) #110-Ubuntu SMP Tue Jul 18 12:55:35 UTC 2017 (Ubuntu 4.4.0-87.110-generic 4.4.73)
[    0.000000] Command line: BOOT_IMAGE=/boot/vmlinuz-4.4.0-87-generic root=LABEL=cloudimg-rootfs ro console=tty1 console=ttyS0
[    0.000000] KERNEL supported cpus:
[    0.000000]   Intel GenuineIntel
[    0.000000]   AMD AuthenticAMD
[    0.000000]   Centaur CentaurHauls
[    0.000000] x86/fpu: xstate_offset[2]:  576, xstate_sizes[2]:  256
[    0.000000] x86/fpu: Supporting XSAVE feature 0x01: 'x87 floating point registers'
[    0.000000] x86/fpu: Supporting XSAVE feature 0x02: 'SSE registers'
[    0.000000] x86/fpu: Supporting XSAVE feature 0x04: 'AVX registers'
[    0.000000] x86/fpu: Enabled xstate features 0x7, context size is 832 bytes, using 'standard' format.
[    0.000000] x86/fpu: Using 'lazy' FPU context switches.
[    0.000000] e820: BIOS-provided physical RAM map:
[    0.000000] BIOS-e820: [mem 0x0000000000000000-0x000000000009fbff] usable
[    0.000000] BIOS-e820: [mem 0x000000000009fc00-0x000000000009ffff] reserved
[    0.000000] BIOS-e820: [mem 0x00000000000f0000-0x00000000000fffff] reserved
[    0.000000] BIOS-e820: [mem 0x0000000000100000-0x000000003ffeffff] usable
[    0.000000] BIOS-e820: [mem 0x000000003fff0000-0x000000003fffffff] ACPI data
[    0.000000] BIOS-e820: [mem 0x00000000fec00000-0x00000000fec00fff] reserved
[    0.000000] BIOS-e820: [mem 0x00000000fee00000-0x00000000fee00fff] reserved
[    0.000000] BIOS-e820: [mem 0x00000000fffc0000-0x00000000ffffffff] reserved
[    0.000000] NX (Execute Disable) protection: active
[    0.000000] SMBIOS 2.5 present.
[    0.000000] Hypervisor detected: KVM
[    0.000000] e820: last_pfn = 0x3fff0 max_arch_pfn = 0x400000000
[    0.000000] MTRR: Disabled
[    0.000000] x86/PAT: MTRRs disabled, skipping PAT initialization too.
[    0.000000] x86/PAT: Configuration [0-7]: WB  WT  UC- UC  WB  WT  UC- UC  
[    0.000000] CPU MTRRs all blank - virtualized system.
[    0.000000] found SMP MP-table at [mem 0x0009fff0-0x0009ffff] mapped at [ffff88000009fff0]
[    0.000000] Scanning 1 areas for low memory corruption
[    0.000000] RAMDISK: [mem 0x36ac2000-0x37558fff]
[    0.000000] ACPI: Early table checksum verification disabled
[    0.000000] ACPI: RSDP 0x00000000000E0000 000024 (v02 VBOX  )
[    0.000000] ACPI: XSDT 0x000000003FFF0030 00003C (v01 VBOX   VBOXXSDT 00000001 ASL  00000061)
[    0.000000] ACPI: FACP 0x000000003FFF00F0 0000F4 (v04 VBOX   VBOXFACP 00000001 ASL  00000061)
[    0.000000] ACPI: DSDT 0x000000003FFF0470 0021C8 (v02 VBOX   VBOXBIOS 00000002 INTL 20100528)
[    0.000000] ACPI: FACS 0x000000003FFF0200 000040
[    0.000000] ACPI: FACS 0x000000003FFF0200 000040
[    0.000000] ACPI: APIC 0x000000003FFF0240 00005C (v02 VBOX   VBOXAPIC 00000001 ASL  00000061)
[    0.000000] ACPI: SSDT 0x000000003FFF02A0 0001CC (v01 VBOX   VBOXCPUT 00000002 INTL 20100528)
[    0.000000] No NUMA configuration found
[    0.000000] Faking a node at [mem 0x0000000000000000-0x000000003ffeffff]
[    0.000000] NODE_DATA(0) allocated [mem 0x3ffeb000-0x3ffeffff]
[    0.000000] kvm-clock: Using msrs 4b564d01 and 4b564d00
[    0.000000] kvm-clock: cpu 0, msr 0:3ffe3001, primary cpu clock
[    0.000000] kvm-clock: using sched offset of 4735819381 cycles
[    0.000000] clocksource: kvm-clock: mask: 0xffffffffffffffff max_cycles: 0x1cd42e4dffb, max_idle_ns: 881590591483 ns
[    0.000000] Zone ranges:
[    0.000000]   DMA      [mem 0x0000000000001000-0x0000000000ffffff]
[    0.000000]   DMA32    [mem 0x0000000001000000-0x000000003ffeffff]
[    0.000000]   Normal   empty
[    0.000000]   Device   empty
[    0.000000] Movable zone start for each node
[    0.000000] Early memory node ranges
[    0.000000]   node   0: [mem 0x0000000000001000-0x000000000009efff]
[    0.000000]   node   0: [mem 0x0000000000100000-0x000000003ffeffff]
[    0.000000] Initmem setup node 0 [mem 0x0000000000001000-0x000000003ffeffff]
[    0.000000] ACPI: PM-Timer IO Port: 0x4008
[    0.000000] IOAPIC[0]: apic_id 2, version 32, address 0xfec00000, GSI 0-23
[    0.000000] ACPI: INT_SRC_OVR (bus 0 bus_irq 0 global_irq 2 dfl dfl)
[    0.000000] ACPI: INT_SRC_OVR (bus 0 bus_irq 9 global_irq 9 high level)
[    0.000000] Using ACPI (MADT) for SMP configuration information
[    0.000000] smpboot: Allowing 2 CPUs, 0 hotplug CPUs
[    0.000000] PM: Registered nosave memory: [mem 0x00000000-0x00000fff]
[    0.000000] PM: Registered nosave memory: [mem 0x0009f000-0x0009ffff]
[    0.000000] PM: Registered nosave memory: [mem 0x000a0000-0x000effff]
[    0.000000] PM: Registered nosave memory: [mem 0x000f0000-0x000fffff]
[    0.000000] e820: [mem 0x40000000-0xfebfffff] available for PCI devices
[    0.000000] Booting paravirtualized kernel on KVM
[    0.000000] clocksource: refined-jiffies: mask: 0xffffffff max_cycles: 0xffffffff, max_idle_ns: 7645519600211568 ns
[    0.000000] setup_percpu: NR_CPUS:512 nr_cpumask_bits:512 nr_cpu_ids:2 nr_node_ids:1
[    0.000000] PERCPU: Embedded 33 pages/cpu @ffff88003fc00000 s98264 r8192 d28712 u1048576
[    0.000000] PV qspinlock hash table entries: 256 (order: 0, 4096 bytes)
[    0.000000] Built 1 zonelists in Node order, mobility grouping on.  Total pages: 257913
[    0.000000] Policy zone: DMA32
[    0.000000] Kernel command line: BOOT_IMAGE=/boot/vmlinuz-4.4.0-87-generic root=LABEL=cloudimg-rootfs ro console=tty1 console=ttyS0
[    0.000000] PID hash table entries: 4096 (order: 3, 32768 bytes)
[    0.000000] Memory: 1001732K/1048120K available (8474K kernel code, 1293K rwdata, 3984K rodata, 1488K init, 1316K bss, 46388K reserved, 0K cma-reserved)
[    0.000000] SLUB: HWalign=64, Order=0-3, MinObjects=0, CPUs=2, Nodes=1
[    0.000000] Hierarchical RCU implementation.
[    0.000000] 	Build-time adjustment of leaf fanout to 64.
[    0.000000] 	RCU restricting CPUs from NR_CPUS=512 to nr_cpu_ids=2.
[    0.000000] RCU: Adjusting geometry for rcu_fanout_leaf=64, nr_cpu_ids=2
[    0.000000] NR_IRQS:33024 nr_irqs:440 16
[    0.000000] Console: colour VGA+ 80x25
[    0.000000] console [tty1] enabled
[    0.000000] console [ttyS0] enabled
[    0.000000] tsc: Detected 3095.998 MHz processor
[   15.658264] Calibrating delay loop (skipped) preset value.. 6191.99 BogoMIPS (lpj=12383992)
[   15.844211] pid_max: default: 32768 minimum: 301
[   15.926349] ACPI: Core revision 20150930
[   16.037979] ACPI: 2 ACPI AML tables successfully acquired and loaded
[   16.176314] Security Framework initialized
[   16.285525] Yama: becoming mindful.
[   16.371084] AppArmor: AppArmor initialized
[   16.487680] Dentry cache hash table entries: 131072 (order: 8, 1048576 bytes)
[   16.665987] Inode-cache hash table entries: 65536 (order: 7, 524288 bytes)
[   16.847707] Mount-cache hash table entries: 2048 (order: 2, 16384 bytes)
[   16.928175] Mountpoint-cache hash table entries: 2048 (order: 2, 16384 bytes)
[   17.005882] Initializing cgroup subsys io
[   17.092554] Initializing cgroup subsys memory
[   17.196692] Initializing cgroup subsys devices
[   17.321286] Initializing cgroup subsys freezer
[   17.440133] Initializing cgroup subsys net_cls
[   17.548098] Initializing cgroup subsys perf_event
[   17.671595] Initializing cgroup subsys net_prio
[   17.791438] Initializing cgroup subsys hugetlb
[   17.913292] Initializing cgroup subsys pids
[   17.997381] CPU: Physical Processor ID: 0
[   18.047287] CPU: Processor Core ID: 0
[   18.130957] mce: CPU supports 0 MCE banks
[   18.232844] Last level iTLB entries: 4KB 64, 2MB 8, 4MB 8
[   18.347559] Last level dTLB entries: 4KB 64, 2MB 0, 4MB 0, 1GB 4
[   18.510126] Freeing SMP alternatives memory: 32K (ffffffff820b9000 - ffffffff820c1000)
[   18.625292] ftrace: allocating 32128 entries in 126 pages
[   18.719809] smpboot: APIC(0) Converting physical 0 to logical package 0
[   18.777989] smpboot: Max logical packages: 1
[   18.824837] x2apic enabled
[   18.855993] Switched APIC routing to physical x2apic.
[   18.865313] ..TIMER: vector=0x30 apic1=0 pin1=2 apic2=-1 pin2=-1
[   18.972338] smpboot: CPU0: Intel(R) Core(TM) i7-7920HQ CPU @ 3.10GHz (family: 0x6, model: 0x9e, stepping: 0x9)
[   19.100574] Performance Events: unsupported p6 CPU model 158 no PMU driver, software events only.
[   19.102008] KVM setup paravirtual spinlock
[   19.103213] x86: Booting SMP configuration:
[   19.103877] .... node  #0, CPUs:      #1
[   19.104547] kvm-clock: cpu 1, msr 0:3ffe3041, secondary cpu clock
[   19.106053] mce: CPU supports 0 MCE banks
[   19.108430] x86: Booted up 1 node, 2 CPUs
[   19.190986] smpboot: Total of 2 processors activated (12383.99 BogoMIPS)
[   19.333555] devtmpfs: initialized
[   19.410015] evm: security.selinux
[   19.488859] evm: security.SMACK64
[   19.572477] evm: security.SMACK64EXEC
[   19.659447] evm: security.SMACK64TRANSMUTE
[   19.768445] evm: security.SMACK64MMAP
[   19.859138] evm: security.ima
[   19.881323] evm: security.capability
[   19.912729] clocksource: jiffies: mask: 0xffffffff max_cycles: 0xffffffff, max_idle_ns: 7645041785100000 ns
[   19.983645] futex hash table entries: 512 (order: 3, 32768 bytes)
[   20.020746] pinctrl core: initialized pinctrl subsystem
[   20.047715] RTC time:  9:23:33, date: 08/22/17
[   20.071772] NET: Registered protocol family 16
[   20.117067] cpuidle: using governor ladder
[   20.152621] cpuidle: using governor menu
[   20.169864] PCCT header not found.
[   20.183535] ACPI: bus type PCI registered
[   20.263660] acpiphp: ACPI Hot Plug PCI Controller Driver version: 0.5
[   20.432344] PCI: Using configuration type 1 for base access
[   20.597933] ACPI: Added _OSI(Module Device)
[   20.707334] ACPI: Added _OSI(Processor Device)
[   20.811088] ACPI: Added _OSI(3.0 _SCP Extensions)
[   20.936297] ACPI: Added _OSI(Processor Aggregator Device)
[   21.068501] ACPI: Executed 1 blocks of module-level executable AML code
[   21.219486] ACPI: Interpreter enabled
[   21.257843] ACPI: (supports S0 S5)
[   21.288564] ACPI: Using IOAPIC for interrupt routing
[   21.383569] PCI: Using host bridge windows from ACPI; if necessary, use "pci=nocrs" and report a bug
[   21.605367] ACPI: PCI Root Bridge [PCI0] (domain 0000 [bus 00-ff])
[   21.759976] acpi PNP0A03:00: _OSC: OS supports [ASPM ClockPM Segments MSI]
[   21.932946] acpi PNP0A03:00: _OSC failed (AE_NOT_FOUND); disabling ASPM
[   22.101634] acpi PNP0A03:00: fail to add MMCONFIG information, can't access extended PCI configuration space under this bridge.
[   22.337228] PCI host bridge to bus 0000:00
[   22.375862] pci_bus 0000:00: root bus resource [io  0x0000-0x0cf7 window]
[   22.493488] pci_bus 0000:00: root bus resource [io  0x0d00-0xffff window]
[   22.653910] pci_bus 0000:00: root bus resource [mem 0x000a0000-0x000bffff window]
[   22.809164] pci_bus 0000:00: root bus resource [mem 0x40000000-0xffdfffff window]
[   22.990624] pci_bus 0000:00: root bus resource [bus 00-ff]
[   23.122239] pci 0000:00:01.1: legacy IDE quirk: reg 0x10: [io  0x01f0-0x01f7]
[   23.313545] pci 0000:00:01.1: legacy IDE quirk: reg 0x14: [io  0x03f6]
[   23.429620] pci 0000:00:01.1: legacy IDE quirk: reg 0x18: [io  0x0170-0x0177]
[   23.442694] pci 0000:00:01.1: legacy IDE quirk: reg 0x1c: [io  0x0376]
[   23.455352] pci 0000:00:07.0: quirk: [io  0x4000-0x403f] claimed by PIIX4 ACPI
[   23.624365] pci 0000:00:07.0: quirk: [io  0x4100-0x410f] claimed by PIIX4 SMB
[   23.730581] ACPI: PCI Interrupt Link [LNKA] (IRQs 5 9 10 *11)
[   23.784399] ACPI: PCI Interrupt Link [LNKB] (IRQs 5 9 10 *11)
[   23.814993] ACPI: PCI Interrupt Link [LNKC] (IRQs 5 9 *10 11)
[   23.839703] ACPI: PCI Interrupt Link [LNKD] (IRQs 5 *9 10 11)
[   23.893667] ACPI: Enabled 2 GPEs in block 00 to 07
[   23.939766] vgaarb: setting as boot device: PCI:0000:00:02.0
[   23.988421] vgaarb: device added: PCI:0000:00:02.0,decodes=io+mem,owns=io+mem,locks=none
[   24.050439] vgaarb: loaded
[   24.067141] vgaarb: bridge control possible 0000:00:02.0
[   24.123267] SCSI subsystem initialized
[   24.166226] ACPI: bus type USB registered
[   24.206248] usbcore: registered new interface driver usbfs
[   24.283589] usbcore: registered new interface driver hub
[   24.420076] usbcore: registered new device driver usb
[   24.487181] PCI: Using ACPI for IRQ routing
[   24.519910] NetLabel: Initializing
[   24.541042] NetLabel:  domain hash size = 128
[   24.600724] NetLabel:  protocols = UNLABELED CIPSOv4
[   24.661759] NetLabel:  unlabeled traffic allowed by default
[   24.662673] amd_nb: Cannot enumerate AMD northbridges
[   24.663430] clocksource: Switched to clocksource kvm-clock
[   24.791763] AppArmor: AppArmor Filesystem Enabled
[   24.918413] pnp: PnP ACPI init
[   25.010548] pnp: PnP ACPI: found 3 devices
[   25.144249] clocksource: acpi_pm: mask: 0xffffff max_cycles: 0xffffff, max_idle_ns: 2085701024 ns
[   25.383797] NET: Registered protocol family 2
[   25.513631] TCP established hash table entries: 8192 (order: 4, 65536 bytes)
[   25.698397] TCP bind hash table entries: 8192 (order: 5, 131072 bytes)
[   25.876118] TCP: Hash tables configured (established 8192 bind 8192)
[   26.043505] UDP hash table entries: 512 (order: 2, 16384 bytes)
[   26.217235] UDP-Lite hash table entries: 512 (order: 2, 16384 bytes)
[   26.406183] NET: Registered protocol family 1
[   26.534281] pci 0000:00:00.0: Limiting direct PCI/PCI transfers
[   26.686598] pci 0000:00:01.0: Activating ISA DMA hang workarounds
[   26.840217] Unpacking initramfs...
[   28.357964] Freeing initrd memory: 10844K (ffff880036ac2000 - ffff880037559000)
[   28.551607] platform rtc_cmos: registered platform RTC device (no PNP device found)
[   28.764109] Scanning for low memory corruption every 60 seconds
[   28.857565] audit: initializing netlink subsys (disabled)
[   28.965934] audit: type=2000 audit(1503393804.401:1): initialized
[   29.119397] Initialise system trusted keyring
[   29.212425] HugeTLB registered 2 MB page size, pre-allocated 0 pages
[   29.368881] zbud: loaded
[   29.431953] VFS: Disk quotas dquot_6.6.0
[   29.543021] VFS: Dquot-cache hash table entries: 512 (order 0, 4096 bytes)
[   29.706049] tsc: Refined TSC clocksource calibration: 3096.000 MHz
[   29.795536] clocksource: tsc: mask: 0xffffffffffffffff max_cycles: 0x2ca08564bf3, max_idle_ns: 440795312460 ns
ÿ[   29.795816] squashfs: version 4.0 (2009/01/31) Phillip Lougher
[   29.795994] fuse init (API version 7.23)
[   29.796079] Key type big_key registered
[   29.796094] Allocating IMA MOK and blacklist keyrings.
[   29.796247] Key type asymmetric registered
[   29.796251] Asymmetric key parser 'x509' registered
[   29.796278] Block layer SCSI generic (bsg) driver version 0.4 loaded (major 249)
[   29.796300] io scheduler noop registered
[   29.796301] io scheduler deadline registered (default)
[   29.796322] io scheduler cfq registered
[   29.796402] pci_hotplug: PCI Hot Plug PCI Core version: 0.5
[   29.796406] pciehp: PCI Express Hot Plug Controller Driver version: 0.4
[   29.796678] ACPI: AC Adapter [AC] (off-line)
[   29.796725] input: Power Button as /devices/LNXSYSTM:00/LNXPWRBN:00/input/input0
[   29.796727] ACPI: Power Button [PWRF]
[   29.796781] input: Sleep Button as /devices/LNXSYSTM:00/LNXSLPBN:00/input/input1
[   29.796782] ACPI: Sleep Button [SLPF]
[   29.796884] GHES: HEST is not enabled!
[   29.797575] ACPI: Battery Slot [BAT0] (battery present)
[   29.797607] Serial: 8250/16550 driver, 32 ports, IRQ sharing enabled
[   30.087065] 00:02: ttyS0 at I/O 0x3f8 (irq = 4, base_baud = 115200) is a 16550A
[   30.269060] Linux agpgart interface v0.103
[   30.408000] loop: module loaded
[   30.408395] scsi host0: ata_piix
[   30.408433] scsi host1: ata_piix
[   30.408454] ata1: PATA max UDMA/33 cmd 0x1f0 ctl 0x3f6 bmdma 0xd000 irq 14
[   30.408454] ata2: PATA max UDMA/33 cmd 0x170 ctl 0x376 bmdma 0xd008 irq 15
[   30.408504] libphy: Fixed MDIO Bus: probed
[   30.408506] tun: Universal TUN/TAP device driver, 1.6
[   30.408506] tun: (C) 1999-2004 Max Krasnyansky <maxk@qualcomm.com>
[   30.408764] PPP generic driver version 2.4.2
[   30.408802] ehci_hcd: USB 2.0 'Enhanced' Host Controller (EHCI) Driver
[   30.408804] ehci-pci: EHCI PCI platform driver
[   30.408816] ehci-platform: EHCI generic platform driver
[   30.408821] ohci_hcd: USB 1.1 'Open' Host Controller (OHCI) Driver
[   30.408824] ohci-pci: OHCI PCI platform driver
[   30.408829] ohci-platform: OHCI generic platform driver
[   30.408834] uhci_hcd: USB Universal Host Controller Interface driver
[   30.408872] i8042: PNP: PS/2 Controller [PNP0303:PS2K,PNP0f03:PS2M] at 0x60,0x64 irq 1,12
[   30.513927] serio: i8042 KBD port at 0x60,0x64 irq 1
[   30.513932] serio: i8042 AUX port at 0x60,0x64 irq 12
[   30.514034] mousedev: PS/2 mouse device common for all mice
[   30.514270] rtc_cmos rtc_cmos: rtc core: registered rtc_cmos as rtc0
[   30.514313] rtc_cmos rtc_cmos: alarms up to one day, 114 bytes nvram
[   30.514318] i2c /dev entries driver
[   30.514364] device-mapper: uevent: version 1.0.3
[   30.514402] device-mapper: ioctl: 4.34.0-ioctl (2015-10-28) initialised: dm-devel@redhat.com
[   30.514421] ledtrig-cpu: registered to indicate activity on CPUs
[   30.514622] NET: Registered protocol family 10
[   30.514736] NET: Registered protocol family 17
[   30.514742] Key type dns_resolver registered
[   30.694050] microcode: CPU0 sig=0x906e9, pf=0x8, revision=0x0
[   30.694101] microcode: CPU1 sig=0x906e9, pf=0x8, revision=0x0
[   30.694144] microcode: Microcode Update Driver: v2.01 <tigran@aivazian.fsnet.co.uk>, Peter Oruba
[   30.694235] registered taskstats version 1
[   30.694245] Loading compiled-in X.509 certificates
[   30.694692] Loaded X.509 cert 'Build time autogenerated kernel key: 713bc24ccc5bf0d11d706d6f5bf7187ed23f7b25'
[   30.694706] zswap: loaded using pool lzo/zbud
[   30.695846] Key type trusted registered
[   30.697362] Key type encrypted registered
[   30.697365] AppArmor: AppArmor sha1 policy hashing enabled
[   30.697367] ima: No TPM chip found, activating TPM-bypass!
[   30.697381] evm: HMAC attrs: 0x1
[   30.697555]   Magic number: 13:441:374
[   30.697578] acpi LNXVIDEO:00: hash matches
[   30.858754] rtc_cmos rtc_cmos: setting system clock to 2017-08-22 09:23:44 UTC (1503393824)
[   30.858878] BIOS EDD facility v0.16 2004-Jun-25, 0 devices found
[   30.858878] EDD information not available.
[   31.440024] input: AT Translated Set 2 keyboard as /devices/platform/i8042/serio0/input/input2
[   38.561301] Freeing unused kernel memory: 1488K (ffffffff81f45000 - ffffffff820b9000)
[   38.578215] Write protecting the kernel read-only data: 14336k
[   38.597968] Freeing unused kernel memory: 1756K (ffff880001849000 - ffff880001a00000)
[   38.728771] Freeing unused kernel memory: 112K (ffff880001de4000 - ffff880001e00000)
Loading, please [   38.945015] random: systemd-udevd: uninitialized urandom read (16 bytes read, 9 bits of entropy available)
wait...
startin[   38.945419] random: udevadm: uninitialized urandom read (16 bytes read, 9 bits of entropy available)
g version 229
[   38.945445] random: udevadm: uninitialized urandom read (16 bytes read, 9 bits of entropy available)
[   38.945520] random: udevadm: uninitialized urandom read (16 bytes read, 9 bits of entropy available)
[   38.945553] random: udevadm: uninitialized urandom read (16 bytes read, 9 bits of entropy available)
[   38.945581] random: udevadm: uninitialized urandom read (16 bytes read, 9 bits of entropy available)
[   38.945610] random: udevadm: uninitialized urandom read (16 bytes read, 9 bits of entropy available)
[   38.945636] random: udevadm: uninitialized urandom read (16 bytes read, 9 bits of entropy available)
[   38.945661] random: udevadm: uninitialized urandom read (16 bytes read, 9 bits of entropy available)
[   38.945687] random: udevadm: uninitialized urandom read (16 bytes read, 9 bits of entropy available)
[   41.080783] e1000: Intel(R) PRO/1000 Network Driver - version 7.3.21-k8-NAPI
[   41.115645] e1000: Copyright (c) 1999-2006 Intel Corporation.
[   41.137273] Fusion MPT base driver 3.04.20
[   41.151437] Copyright (c) 1999-2008 LSI Corporation
[   41.176560] Fusion MPT SPI Host driver 3.04.20
[   41.281914] AVX version of gcm_enc/dec engaged.
[   41.387497] AES CTR mode by8 optimization enabled
[   41.526168] input: ImExPS/2 Generic Explorer Mouse as /devices/platform/i8042/serio1/input/input4
[   41.838915] e1000 0000:00:03.0 eth0: (PCI:33MHz:32-bit) 02:df:35:49:a7:44
[   42.072001] e1000 0000:00:03.0 eth0: Intel(R) PRO/1000 Network Connection
[   42.269203] mptbase: ioc0: Initiating bringup
[   42.381683] e1000 0000:00:03.0 enp0s3: renamed from eth0
[   42.586347] ioc0: LSI53C1030 A0: Capabilities={Initiator}
[   42.915169] scsi host2: ioc0: LSI53C1030 A0, FwRev=00000000h, Ports=1, MaxQ=256, IRQ=20
[   43.244172] scsi 2:0:0:0: Direct-Access     VBOX     HARDDISK         1.0  PQ: 0 ANSI: 5
[   43.493555] scsi target2:0:0: Beginning Domain Validation
[   43.649564] scsi target2:0:0: Domain Validation skipping write tests
[   43.822613] scsi target2:0:0: Ending Domain Validation
[   43.959476] scsi target2:0:0: asynchronous
[   44.066913] scsi 2:0:1:0: Direct-Access     VBOX     HARDDISK         1.0  PQ: 0 ANSI: 5
[   44.308581] scsi target2:0:1: Beginning Domain Validation
[   44.449262] scsi target2:0:1: Domain Validation skipping write tests
[   44.594710] scsi target2:0:1: Ending Domain Validation
[   44.718118] scsi target2:0:1: asynchronous
[   44.835494] floppy0: no floppy controllers found
[   45.020383] sd 2:0:0:0: Attached scsi generic sg0 type 0
[   45.090652] sd 2:0:0:0: [sda] 20971520 512-byte logical blocks: (10.7 GB/10.0 GiB)
[   45.283606] sd 2:0:1:0: Attached scsi generic sg1 type 0
[   45.283807] sd 2:0:1:0: [sdb] 20480 512-byte logical blocks: (10.5 MB/10.0 MiB)
[   45.283987] sd 2:0:0:0: [sda] Write Protect is off
[   45.284066] sd 2:0:1:0: [sdb] Write Protect is off
[   45.284158] sd 2:0:0:0: [sda] Incomplete mode parameter data
[   45.284159] sd 2:0:0:0: [sda] Assuming drive cache: write through
[   45.284241] sd 2:0:1:0: [sdb] Incomplete mode parameter data
[   45.284242] sd 2:0:1:0: [sdb] Assuming drive cache: write through
[   45.290636]  sda: sda1
[   45.291269] sd 2:0:1:0: [sdb] Attached SCSI disk
[   45.291281] sd 2:0:0:0: [sda] Attached SCSI disk
Begin: Loading e[   47.873894] md: linear personality registered for level -1
ssential drivers[   48.030516] md: multipath personality registered for level -4
 ... [   48.226967] md: raid0 personality registered for level 0
[   48.327274] md: raid1 personality registered for level 1
[   48.559473] raid6: sse2x1   gen()  9732 MB/s
[   48.715519] raid6: sse2x1   xor()  5677 MB/s
[   48.883458] raid6: sse2x2   gen() 12919 MB/s
[   49.047941] raid6: sse2x2   xor()  8578 MB/s
[   49.227442] raid6: sse2x4   gen() 14535 MB/s
[   49.411568] raid6: sse2x4   xor()  9199 MB/s
[   49.502374] raid6: using algorithm sse2x4 gen() 14535 MB/s
[   49.657801] raid6: .... xor() 9199 MB/s, rmw enabled
[   49.792550] raid6: using ssse3x2 recovery algorithm
[   49.911028] xor: automatically using best checksumming function:
[   50.153890]    avx       : 36268.000 MB/sec
[   50.324852] async_tx: api initialized (async)
[   50.457947] md: raid6 personality registered for level 6
[   50.472360] md: raid5 personality registered for level 5
[   50.513983] md: raid4 personality registered for level 4
[   50.692010] md: raid10 personality registered for level 10
done.
Begin: Running /scripts/init-p[   50.878335] Btrfs loaded
remount ... done.
Begin: Mounting root file system ... Begin: Running /scripts/local-top ... done.
Begin: Running /scripts/local-premount ... Scanning for Btrfs filesystems
done.
Warning: fsck no[   51.028067] EXT4-fs (sda1): INFO: recovery required on readonly filesystem
t present, so sk[   51.218993] EXT4-fs (sda1): write access will be enabled during recovery
ipping root file system
[   51.415946] EXT4-fs (sda1): recovery complete
[   51.418773] EXT4-fs (sda1): mounted filesystem with ordered data mode. Opts: (null)
done.
Begin: Running /scripts/local-bottom ... done.
Begin: Running /scripts/init-bottom ... done.
[   51.631207] systedd[1]: systemd 229 running in system mode. (+PAM +AUDIT +SELINUX +IMA +APPARMOR +SMACK +SYSVINIT +UTMP +LIBCRYPTSETUP +GCRYPT +GNUTLS +ACL +XZ -LZ4 +SECCOMP +BLKID +ELFUTILS +KMOD -IDN)
[   52.199372] systemd[1]: Detected virtualization oracle.
[   52.378745] systemd[1]: Detected architecture x86-64.

Welcome to [1mUbuntu 16.04.2 LTS[0m!

[   52.586515] systemd[1]: Set hostname to <ubuntu-xenial>.
[   52.678862] random: nonblocking pool is initialized
[   52.873832] systemd[1]: Listening on LVM2 poll daemon socket.
[[0;32m  OK  [0m] Listening on LVM2 poll daemon socket.
[   53.067969] systemd[1]: Listening on Journal Socket.
[[0;32m  OK  [0m] Listening on Journal Socket.
[   53.232153] systemd[1]: Listening on /dev/initctl Compatibility Named Pipe.
[[0;32m  OK  [0m] Listening on /dev/initctl Compatibility Named Pipe.
[   53.507856] systemd[1]: Listening on udev Kernel Socket.
[[0;32m  OK  [0m] Listening on udev Kernel Socket.
[   53.667940] systemd[1]: Listening on Journal Socket (/dev/log).
[[0;32m  OK  [0m] Listening on Journal Socket (/dev/log).
[   53.772112] systemd[1]: Listening on Journal Audit Socket.
[[0;32m  OK  [0m] Listening on Journal Audit Socket.
[   53.967680] systemd[1]: Reached target Swap.
[[0;32m  OK  [0m] Reached target Swap.
[   54.167979] systemd[1]: Reached target User and Group Name Lookups.
[[0;32m  OK  [0m] Reached target User and Group Name Lookups.
[   54.388217] systemd[1]: Created slice User and Session Slice.
[[0;32m  OK  [0m] Created slice User and Session Slice.
[   54.559853] systemd[1]: Started Forward Password Requests to Wall Directory Watch.
[[0;32m  OK  [0m] Started Forward Password Requests to Wall Directory Watch.
[   54.835589] systemd[1]: Reached target Encrypted Volumes.
[[0;32m  OK  [0m] Reached target Encrypted Volumes.
[   54.992520] systemd[1]: Started Trigger resolvconf update for networkd DNS.
[[0;32m  OK  [0m] Started Trigger resolvconf update for networkd DNS.
[   55.272509] system[[]]: Listening on LVM2 metadata daemon socket.
[[0;32m  OK  [0m] Listening on LVM2 metadata daemon socket.
[   55.632065] systemd[1]: Listening on udev Conrrol Socket.
[[0;32m  OK  [0m] Listening on udev Control Socket.
[   55.911713] systemd[1]: Set up automount Arbitrary Executable File Formats File System Automount Point.
[[0;32m  OK  [0m] Set up automount Arbitrary Executab...ats File System Automount Point.
[   55.995887] systemd[1]: Listening on Syslog Socket.
[[0;32m  OK  [0m] Listening on Syslog Socket.
[   56.216992] systemd[1]: Listening on Device-mapper event daemon FIFOs.
[[0;32m  OK  [0m] Listening on Device-mapper event daemon FIFOs.
[   56.236868] systemd[1]: Created slice System Slice.
[[0;32m  OK  [0m] Created slice System Slice.
[   56.268061] systemd[1]: Starting Nameserver information manager...
         Starting Nameserver information manager...
[   56.332107] systemd[1]: Mounting Huge Paees File System...
         Mounting Huge Pages File System...
[   56.615939] systemd[1]: Mounting Debug File System...
         Mounting Debug File System...
[   56.871734] systemd[1]: Starting Create list of required static device nodes for the current kernel...
         Starting Create list of required st... nodes for the current kernel...
[   56.996289] systemd[1]: Starting Remount Root and Kernel File Systems...
[   57.006076] EXT4-fs (sda1): re-mounted. Opts: (null)
         Starting Remount Root and Kernel File Systems...
[   57.480014] systemd[1]: Strrting Journal Service...
         Starting Journal Service...
[   57.667620] systemd[1]: Reached target Slices.
[[0;32m  OK  [0m] Reached target Slices.
[   57.764105] systemd[1]: Starting Monitoring of LVM2 mirrors, snapshots etc. using dmeventd or progress polling...
         Starting Monitoring of LVM2 mirrors... dmeventd or progress polling...
[   58.076398] systemd[1]: Starting Load Kernel Modules...
[   58.131883] Loading iSCSI transport class v2.0-870.
         Startin[   58.271935] iscsi: registered transport (tcp)
g Load Kernel Modules...
[   58.408004] systemd[1]: Created slice system-serial\x2dgetty.slice.
[[0;32m  OK  [0[   58.442035] iscsi: registered transport (iser)
m] Created slice system-serial\x2dgetty.slice.
[   58.632062] systemd[1]: Mounting POSIX Message Queue File System...
         Mounting POSIX Message Queue File System...
[   58.904388] systemd[1]: Starting Set console keymap...
         Starting Set console keymap...
[   59.139533] systemd[1]: Starting Uncomplicated firewall...
         Starting Uncomplicated firewall...
[   59.188843] systemd[1]: Mounted Huge Pages File System.
[[0;32m  OK  [0m] Mounted Huge Pages File System.
[   59.388430] systemd[1]: Mounted Debug File System.
[[0;32m  OK  [0m] Mounted Debug File System.
[   59.567662] systemd[1]: Mounted POSIX Message Queue File System.
[[0;32m  OK  [0m] Mounted POSIX Message Queue File System.
[   59.764164] systemd[1]: Started Journal Service.
[[0;32m  OK  [0m] Started Journal Service.
[[0;32m  OK  [0m] Started Create list of required sta...ce nodes for the current kernel.
[[0;32m  OK  [0m] Started Remount Root and Kernel File Systems.
[[0;32m  OK  [0m] Started Load Kernel Modules.
[[0;32m  OK  [0m] Started Set console keymap.
[[0;32m  OK  [0m] Started Uncomplicated firewall.
[[0;32m  OK  [0m] Started Nameserver information manager.
[[0;32m  OK  [0m] Started LVM2 metadata daemon.
         Mounting FUSE Control File System...
         Starting Apply Kernel Variables...
         Starting Initial cloud-init job (pre-networking)...
         Starting udev Coldplug all Devices...
         Starting Load/Save Random Seed...
         Starting Create Static Device Nodes in /dev...
         Starting Flush Journal to Persistent Storage...
[[0;32m  OK  [0m] Mounted FUSE Control File System.
[[0;32m  OK  [0m] Started Monitoring of LVM2 mirrors,...ng dmeventd or progress polling.
[[0;32m  OK  [0m] Started Apply Kernel Variables.
[[0;32m  OK  [0m] Started Load/Save Random Seed.
[[0;32m  OK  [0m] Started Create Static Device Nodes in /dev.
[[0;32m  OK  [0m] Started udev Coldplug all Devices.
[[0;32m  OK  [0m] Started Flush Journal to Persistent Storage.
         Starting udev Kernel Device Manager...
[[0;32m  OK  [0m] Started udev Kernel Device Manager.
[[0;32m  OK  [0m] Started Dispatch Password Requests to Console Directory Watch.
[[0;32m  OK  [0m] Reached target Local File Systems (Pre).
[[0;32m  OK  [0m] Reached target Local File Systems.
         Starting Tell Plymouth To Write Out Runtime Data...
         Starting Set console font and keymap...
         Starting LSB: AppArmor initialization...
         Starting Create Volatile Files and Directories...
[[0;32m  OK  [0m] Started Tell Plymouth To Write Out Runtime Data.
[[0;32m  OK  [0m] Started Create Volatile Files and Directories.
[   37.105727] cloud-init[452]: Cloud-init v. 0.7.9 running 'init-local' at Tue, 22 Aug 2017 09:24:14 +0000. Up 36.83 seconds.
[[0;32m  OK  [0m] Started Set console font and keymap.
[[0;32m  OK  [0m] Started Initial cloud-init job (pre-networking).
[[0;32m  OK  [0m] Found device /dev/ttyS0.
[[0;32m  OK  [0m] Listening on Load/Save RF Kill Switch Status /dev/rfkill Watch.
[[0;32m  OK  [0m] Reached target Network (Pre).
[[0;32m  OK  [0m] Created slice system-getty.slice.
         Starting Update UTMP about System Boot/Shutdown...
[[0;32m  OK  [0m] Reached target System Time Synchronized.
[[0;32m  OK  [0m] Started LSB: AppArmor initialization.
[[0;32m  OK  [0m] Started ifup for enp0s3.
         Starting Raise network interfaces...
[[0;32m  OK  [0m] Started Update UTMP about System Boot/Shutdown.
[[0;1;31mFAILED[0m] Failed to start Raise network interfaces.
See 'systemctl status networking.service' for details.
[[0;32m  OK  [0m] Reached target Network.
         Starting Initial cloud-init job (metadata service crawler)...
[   40.565149] cloud-init[977]: Cloud-init v. 0.7.9 running 'init' at Tue, 22 Aug 2017 09:24:18 +0000. Up 40.33 seconds.
[   40.632542] cloud-init[977]: ci-info: +++++++++++++++++++++++++++++++++++++Net device info++++++++++++++++++++++++++++++++++++++
[[   40.632851] [0;32m  OK  [0mcloud-init] [977]: Started Initial cloud-init job (metadata service crawler).ci-info: +--------+------+----------------------------+---------------+-------+-------------------+

[   40.633067] cloud-init[977]: ci-info: | Device |  Up  |          Address           |      Mask     | Scope |     Hw-Address    |
[   40.820335] cloud-init[977]: ci-info: +--------+------+----------------------------+---------------+-------+-------------------+
[   40.820738] cloud-init[977]: ci-info: | enp0s3 | True |         10.0.2.15          | 255.255.255.0 |   .   | 02:df:35:49:a7:44 |
[[0;32m  OK  [0m] Reached target Network is Online.
[   40.820885] cloud-init[977]: ci-info: | enp0s3 | True | fe80::df:35ff:fe49:a744/64 |       .       |  link | 02:df:35:49:a7:44 |
[   40.996905] cloud-init[977]: ci-info: |   lo   | True |         127.0.0.1          |   255.0.0.0   |   .   |         .         |
[   40.997162] cloud-init[977]: ci-info: |   lo   | True |          ::1/128           |       .       |  host |         .         |
         Starting iSCSI initiator daemon (iscsid)...
[   40.997309] cloud-init[977]: ci-info: +--------+------+----------------------------+---------------+-------+-------------------+
[   41.009282] cloud-init[977]: ci-info: +++++++++++++++++++++++++++Route IPv4 info++++++++++++++++++++++++++++
[   41.009373] cloud-init[977]: ci-info: +-------+-------------+----------+---------------+-----------+-------+
[   41.009479] cloud-init[977]: ci-info: | Route | Destination | Gateway  |    Genmask    | Interface | Flags |
[   41.009578] cloud-init[977]: ci-info: +-------+-------------+----------+---------------+-----------+-------+
[   41.009693] cloud-init[977]: ci-info: |   0   |   0.0.0.0   | 10.0.2.2 |    0.0.0.0    |   enp0s3  |   UG  |
[   41.009794] cloud-init[977]: ci-info: |   1   |   10.0.2.0  | 0.0.0.0  | 255.255.255.0 |   enp0s3  |   U   |
[   41.009896] cloud-init[977]: ci-info: +-------+-------------+----------+---------------+-----------+-------+
[[0;32m  OK  [0m] Reached target Cloud-config availability.
[[0;32m  OK  [0m] Reached target System Initialization.
         Starting LXD - unix socket.
[[0;32m  OK  [0m] Started Timer to automatically refresh installed snaps.
[[0;32m  OK  [0m] Listening on UUID daemon activation socket.
[[0;32m  OK  [0m] Listening on ACPID Listen Socket.
         Starting Socket activation for snappy daemon.
[[0;32m  OK  [0m] Listening on D-Bus System Message Bus Socket.
[[0;32m  OK  [0m] Started Daily Cleanup of Temporary Directories.
[[0;32m  OK  [0m] Started ACPI Events Check.
[[0;32m  OK  [0m] Reached target Paths.
[[0;32m  OK  [0m] Started Daily apt activities.
[[0;32m  OK  [0m] Reached target Timers.
[[0;32m  OK  [0m] Listening on LXD - unix socket.
[[0;32m  OK  [0m] Listening on Socket activation for snappy daemon.
[[0;32m  OK  [0m] Started iSCSI initiator daemon (iscsid).
         Starting Login to default iSCSI targets...
[[0;32m  OK  [0m] Reached target Sockets.
[[0;32m  OK  [0m] Reached target Basic System.
         Starting Accounts Service...
[[0;32m  OK  [0m] Started Unattended Upgrades Shutdown.
[[0;32m  OK  [0m] Started Regular background program processing daemon.
         Starting vboxadd-x11.service...
         Starting OpenBSD Secure Shell server...
[[0;32m  OK  [0m] Started Snappy daemon.
         Starting Auto import assertions from block devices...
         Starting LSB: MD monitoring daemon...
[[0;32m  OK  [0m] Started Deferred execution scheduler.
         Starting Login Service...
[[0;32m  OK  [0m] Started D-Bus System Message Bus.
         Starting System Logging Service...
         Starting /etc/rc.local Compatibility...
         Starting Apply the settings specified in cloud-config...
[[0;32m  OK  [0m] Started FUSE filesystem for LXC.
         Starting LSB: Record successful boot for GRUB...
         Starting vboxadd.service...
[[0;32m  OK  [0m] Started ACPI event daemon.
         Starting LXD - container startup/shutdown...
[[0;32m  OK  [0m] Started OpenBSD Secure Shell server.
[[0;32m  OK  [0m] Started System Logging Service.
[[0;32m  OK  [0m] Started vboxadd-x11.service.
[[0;32m  OK  [0m] Started Auto import assertions from block devices.
[[0;32m  OK  [0m] Started /etc/rc.local Compatibility.
[[0;32m  OK  [0m] Started vboxadd.service.
[[0;32m  OK  [0m] Started LXD - container startup/shutdown.
[[0;32m  OK  [0m] Started Login to default iSCSI targets.
[   42.193928] cloud-init[1098]: Cloud-init v. 0.7.9 running 'modules:config' at Tue, 22 Aug 2017 09:24:20 +0000. Up 42.12 seconds.
[[0;32m  OK  [0m] Started LSB: MD monitoring daemon.
[[0;32m  OK  [0m] Started Apply the settings specified in cloud-config.
[[0;32m  OK  [0m] Started LSB: Record successful boot for GRUB.
[[0;32m  OK  [0m] Started Login Service.
         Starting Authenticate and Authorize Users to Run Privileged Tasks...
[[0;32m  OK  [0m] Reached target Remote File Systems (Pre).
[[0;32m  OK  [0m] Reached target Remote File Systems.
         Starting LSB: automatic crash report generation...
         Starting Permit User Sessions...
         Starting LSB: Set the CPU Frequency Scaling governor to "ondemand"...
         Starting LSB: daemon to balance interrupts for SMP systems...
         Starting vboxadd-service.service...
[[0;32m  OK  [0m] Started Permit User Sessions.
[[0;32m  OK  [0m] Started vboxadd-service.service.
[[0;32m  OK  [0m] Started Authenticate and Authorize Users to Run Privileged Tasks.
[[0;32m  OK  [0m] Started Accounts Service.
[[0;32m  OK  [0m] Created slice User Slice of ubuntu.
         Starting User Manager for UID 1000...
[[0;32m  OK  [0m] Started Session 1 of user ubuntu.
         Starting Hold until boot process finishes up...
         Starting Terminate Plymouth Boot Screen...
[[0;32m  OK  [0m] Started User Manager for UID 1000.
[[0;32m  OK  [0m] Started LSB: automatic crash report generation.
[[0;32m  OK  [0m] Started LSB: Set the CPU Frequency Scaling governor to "ondemand".
[[0;32m  OK  [0m] Started LSB: daemon to balance interrupts for SMP systems.
[[0;32m  OK  [0m] Started Hold until boot process finishes up.
[[0;32m  OK  [0m] Started Terminate Plymouth Boot Screen.
[[0;32m  OK  [0m] Started Serial Getty on ttyS0.
         Starting Set console scheme...
[[0;32m  OK  [0m] Started Getty on tty1.
[[0;32m  OK  [0m] Reached target Login Prompts.
[[0;32m  OK  [0m] Reached target Multi-User System.
         Starting Execute cloud user/final scripts...
[[0;32m  OK  [0m] Reached target Graphical Interface.
         Starting Update UTMP about System Runlevel Changes...
[[0;32m  OK  [0m] Started Set console scheme.
[   44.260986] cloud-init[1295]: Cloud-init v. 0.7.9 running 'modules:final' at Tue, 22 Aug 2017 09:24:22 +0000. Up 44.17 seconds.
[   44.400771] cloud-init[1295]: Cloud-init v. 0.7.9 finished at Tue, 22 Aug 2017 09:24:22 +0000. Datasource DataSourceNoCloud [seed=/dev/sdb][dsmode=net].  Up 44.25 seconds
[[0;32m  OK  [0m] Started Update UTMP about System Runlevel Changes.
[[0;32m  OK  [0m] Started Execute cloud user/final scripts.
[[0;32m  OK  [0m] Reached target Cloud-init target.

Ubuntu 16.04.2 LTS ubuntu-xenial ttyS0

ubuntu-xenial login: 